<?xml version="1.0" encoding="UTF-8"?>
<!-- Generated by org.testng.reporters.JUnitXMLReporter -->
<testsuite hostname="mayank-desktop" tests="3" failures="1" timestamp="23 Jun 2014 09:30:44 GMT" time="0.028" errors="0">
  <testcase name="testCalculatorChecker" time="0.004" classname="CalculatorTestCase"/>
  <testcase name="testCalculatorChecker" time="0.0" classname="CalculatorTestCase"/>
  <testcase name="testCalculatorChecker" time="0.001" classname="CalculatorTestCase">
    <failure type="java.lang.AssertionError" message="expected [21] but found [20]">
      <![CDATA[java.lang.AssertionError: expected [21] but found [20]
	at CalculatorTestCase.testCalculatorChecker(CalculatorTestCase.java:27)
... Removed 38 stack frames]]>
    </failure>
  </testcase> <!-- testCalculatorChecker -->
</testsuite>
